<?xml version="1.0" encoding="utf-8"?><testsuites name="pytest tests"><testsuite name="pytest" errors="0" failures="0" skipped="0" tests="8" time="3.283" timestamp="2026-08-21T01:48:03.860168+09:00" hostname="ydh2244"><testcase classname="tests.test_runtime_neuronwise_thresholds" name="test_neuronwise_threshold_validation_and_canonicalization" time="0.001" /><testcase classname="tests.test_runtime_neuronwise_thresholds" name="test_scalar_threshold_mutation_remains_live" time="0.002" /><testcase classname="tests.test_runtime_neuronwise_thresholds" name="test_repeated_vectors_are_exact_scalar_broadcast" time="0.005" /><testcase classname="tests.test_runtime_neuronwise_thresholds" name="test_heterogeneous_bit_and_active_threshold_witness" time="0.001" /><testcase classname="tests.test_runtime_neuronwise_thresholds" name="test_snapshot_preserves_vectors_and_nontrivial_delay_continuation" time="0.003" /><testcase classname="tests.test_runtime_neuronwise_thresholds" name="test_vector_bit_backend_is_fail_closed_and_auto_matches_torch" time="0.004" /><testcase classname="tests.test_runtime_neuronwise_thresholds" name="test_active_vector_only_preserves_no_delay_rust_final_selection" time="0.004" /><testcase classname="tests.test_runtime_contracts" name="test_brain_runtime_rust_backend_matches_torch_cell_step" time="0.006" /></testsuite></testsuites>