<?xml version="1.0" encoding="utf-8"?><testsuites name="pytest tests"><testsuite name="pytest" errors="0" failures="0" skipped="0" tests="3" time="5.657" timestamp="2026-08-22T15:01:44.505290+09:00" hostname="ydh2244"><testcase classname="tests.test_runtime_context_learned_gate" name="test_gate_update_and_compiler_depend_only_on_frozen_theta_and_cue" time="0.014" /><testcase classname="tests.test_runtime_context_learned_gate" name="test_gate_ties_and_invalid_states_fail_closed" time="0.001" /><testcase classname="tests.test_runtime_context_learned_gate" name="test_actual_runtime_learns_context_gate_before_endpoint" time="1.598" /></testsuite></testsuites>