<?xml version="1.0" encoding="utf-8"?><testsuites name="pytest tests"><testsuite name="pytest" errors="0" failures="0" skipped="0" tests="3" time="4.953" timestamp="2026-08-22T14:33:42.126440+09:00" hostname="ydh2244"><testcase classname="tests.test_runtime_context_branch_routing" name="test_mask_compiler_is_answer_blind_and_changes_only_entry_branch" time="0.006" /><testcase classname="tests.test_runtime_context_branch_routing" name="test_exact_delay_eligibility_uses_delayed_pre_state" time="0.001" /><testcase classname="tests.test_runtime_context_branch_routing" name="test_actual_delayed_runtime_context_branch_smoke" time="1.201" /></testsuite></testsuites>